Traceback (most recent call last):
  File "/Users/nicholasmacaskill/Desktop/python-sovereign-guard/guard_monitor.py", line 17, in <module>
    import sovereign_core as core
  File "/Users/nicholasmacaskill/Desktop/python-sovereign-guard/sovereign_core.py", line 224
    except Exception as e:
    ^^^^^^
IndentationError: expected an indented block after 'except' statement on line 222
Traceback (most recent call last):
  File "/Users/nicholasmacaskill/Desktop/python-sovereign-guard/guard_monitor.py", line 17, in <module>
    import sovereign_core as core
  File "/Users/nicholasmacaskill/Desktop/python-sovereign-guard/sovereign_core.py", line 224
    except Exception as e:
    ^^^^^^
IndentationError: expected an indented block after 'except' statement on line 222
Traceback (most recent call last):
  File "/Users/nicholasmacaskill/Desktop/python-sovereign-guard/guard_monitor.py", line 17, in <module>
    import sovereign_core as core
  File "/Users/nicholasmacaskill/Desktop/python-sovereign-guard/sovereign_core.py", line 224
    except Exception as e:
    ^^^^^^
IndentationError: expected an indented block after 'except' statement on line 222
Traceback (most recent call last):
  File "/Users/nicholasmacaskill/Desktop/python-sovereign-guard/guard_monitor.py", line 17, in <module>
    import sovereign_core as core
  File "/Users/nicholasmacaskill/Desktop/python-sovereign-guard/sovereign_core.py", line 224
    except Exception as e:
    ^^^^^^
IndentationError: expected an indented block after 'except' statement on line 222
Traceback (most recent call last):
  File "/Users/nicholasmacaskill/Desktop/python-sovereign-guard/guard_monitor.py", line 17, in <module>
    import sovereign_core as core
  File "/Users/nicholasmacaskill/Desktop/python-sovereign-guard/sovereign_core.py", line 224
    except Exception as e:
    ^^^^^^
IndentationError: expected an indented block after 'except' statement on line 222
Traceback (most recent call last):
  File "/Users/nicholasmacaskill/Desktop/python-sovereign-guard/guard_monitor.py", line 17, in <module>
    import sovereign_core as core
  File "/Users/nicholasmacaskill/Desktop/python-sovereign-guard/sovereign_core.py", line 224
    except Exception as e:
    ^^^^^^
IndentationError: expected an indented block after 'except' statement on line 222
Traceback (most recent call last):
  File "/Users/nicholasmacaskill/Desktop/python-sovereign-guard/guard_monitor.py", line 17, in <module>
    import sovereign_core as core
  File "/Users/nicholasmacaskill/Desktop/python-sovereign-guard/sovereign_core.py", line 224
    except Exception as e:
    ^^^^^^
IndentationError: expected an indented block after 'except' statement on line 222
Traceback (most recent call last):
  File "/Users/nicholasmacaskill/Desktop/python-sovereign-guard/guard_monitor.py", line 17, in <module>
    import sovereign_core as core
  File "/Users/nicholasmacaskill/Desktop/python-sovereign-guard/sovereign_core.py", line 224
    except Exception as e:
    ^^^^^^
IndentationError: expected an indented block after 'except' statement on line 222
Traceback (most recent call last):
  File "/Users/nicholasmacaskill/Desktop/python-sovereign-guard/guard_monitor.py", line 17, in <module>
    import sovereign_core as core
  File "/Users/nicholasmacaskill/Desktop/python-sovereign-guard/sovereign_core.py", line 224
    except Exception as e:
    ^^^^^^
IndentationError: expected an indented block after 'except' statement on line 222
Traceback (most recent call last):
  File "/Users/nicholasmacaskill/Desktop/python-sovereign-guard/guard_monitor.py", line 17, in <module>
    import sovereign_core as core
  File "/Users/nicholasmacaskill/Desktop/python-sovereign-guard/sovereign_core.py", line 224
    except Exception as e:
    ^^^^^^
IndentationError: expected an indented block after 'except' statement on line 222
Traceback (most recent call last):
  File "/Users/nicholasmacaskill/Desktop/python-sovereign-guard/guard_monitor.py", line 17, in <module>
    import sovereign_core as core
  File "/Users/nicholasmacaskill/Desktop/python-sovereign-guard/sovereign_core.py", line 224
    except Exception as e:
    ^^^^^^
IndentationError: expected an indented block after 'except' statement on line 222
Traceback (most recent call last):
  File "/Users/nicholasmacaskill/Desktop/python-sovereign-guard/guard_monitor.py", line 17, in <module>
    import sovereign_core as core
  File "/Users/nicholasmacaskill/Desktop/python-sovereign-guard/sovereign_core.py", line 224
    except Exception as e:
    ^^^^^^
IndentationError: expected an indented block after 'except' statement on line 222
Traceback (most recent call last):
  File "/Users/nicholasmacaskill/Desktop/python-sovereign-guard/guard_monitor.py", line 17, in <module>
    import sovereign_core as core
  File "/Users/nicholasmacaskill/Desktop/python-sovereign-guard/sovereign_core.py", line 224
    except Exception as e:
    ^^^^^^
IndentationError: expected an indented block after 'except' statement on line 222
Traceback (most recent call last):
  File "/Users/nicholasmacaskill/Desktop/python-sovereign-guard/guard_monitor.py", line 17, in <module>
    import sovereign_core as core
  File "/Users/nicholasmacaskill/Desktop/python-sovereign-guard/sovereign_core.py", line 224
    except Exception as e:
    ^^^^^^
IndentationError: expected an indented block after 'except' statement on line 222
Traceback (most recent call last):
  File "/Users/nicholasmacaskill/Desktop/python-sovereign-guard/guard_monitor.py", line 17, in <module>
    import sovereign_core as core
  File "/Users/nicholasmacaskill/Desktop/python-sovereign-guard/sovereign_core.py", line 224
    except Exception as e:
    ^^^^^^
IndentationError: expected an indented block after 'except' statement on line 222
Traceback (most recent call last):
  File "/Users/nicholasmacaskill/Desktop/python-sovereign-guard/guard_monitor.py", line 17, in <module>
    import sovereign_core as core
  File "/Users/nicholasmacaskill/Desktop/python-sovereign-guard/sovereign_core.py", line 224
    except Exception as e:
    ^^^^^^
IndentationError: expected an indented block after 'except' statement on line 222
Traceback (most recent call last):
  File "/Users/nicholasmacaskill/Desktop/python-sovereign-guard/guard_monitor.py", line 17, in <module>
    import sovereign_core as core
  File "/Users/nicholasmacaskill/Desktop/python-sovereign-guard/sovereign_core.py", line 224
    except Exception as e:
    ^^^^^^
IndentationError: expected an indented block after 'except' statement on line 222
Traceback (most recent call last):
  File "/Users/nicholasmacaskill/Desktop/python-sovereign-guard/guard_monitor.py", line 17, in <module>
    import sovereign_core as core
  File "/Users/nicholasmacaskill/Desktop/python-sovereign-guard/sovereign_core.py", line 224
    except Exception as e:
    ^^^^^^
IndentationError: expected an indented block after 'except' statement on line 222
Traceback (most recent call last):
  File "/Users/nicholasmacaskill/Desktop/python-sovereign-guard/guard_monitor.py", line 17, in <module>
    import sovereign_core as core
  File "/Users/nicholasmacaskill/Desktop/python-sovereign-guard/sovereign_core.py", line 560
    except (socket.herror, socket.gaierror, TimeoutError, OSError) as e:
    ^^^^^^
SyntaxError: invalid syntax
Traceback (most recent call last):
  File "/Users/nicholasmacaskill/Desktop/python-sovereign-guard/guard_monitor.py", line 17, in <module>
    import sovereign_core as core
  File "/Users/nicholasmacaskill/Desktop/python-sovereign-guard/sovereign_core.py", line 560
    except (socket.herror, socket.gaierror, TimeoutError, OSError) as e:
    ^^^^^^
SyntaxError: invalid syntax
Traceback (most recent call last):
  File "/Users/nicholasmacaskill/Desktop/python-sovereign-guard/guard_monitor.py", line 17, in <module>
    import sovereign_core as core
  File "/Users/nicholasmacaskill/Desktop/python-sovereign-guard/sovereign_core.py", line 560
    except (socket.herror, socket.gaierror, TimeoutError, OSError) as e:
    ^^^^^^
SyntaxError: invalid syntax
Traceback (most recent call last):
  File "/Users/nicholasmacaskill/Desktop/python-sovereign-guard/guard_monitor.py", line 17, in <module>
    import sovereign_core as core
  File "/Users/nicholasmacaskill/Desktop/python-sovereign-guard/sovereign_core.py", line 560
    except (socket.herror, socket.gaierror, TimeoutError, OSError) as e:
    ^^^^^^
SyntaxError: invalid syntax
Traceback (most recent call last):
  File "/Users/nicholasmacaskill/Desktop/python-sovereign-guard/guard_monitor.py", line 17, in <module>
    import sovereign_core as core
  File "/Users/nicholasmacaskill/Desktop/python-sovereign-guard/sovereign_core.py", line 560
    except (socket.herror, socket.gaierror, TimeoutError, OSError) as e:
    ^^^^^^
SyntaxError: invalid syntax
Traceback (most recent call last):
  File "/Users/nicholasmacaskill/Desktop/python-sovereign-guard/guard_monitor.py", line 17, in <module>
    import sovereign_core as core
  File "/Users/nicholasmacaskill/Desktop/python-sovereign-guard/sovereign_core.py", line 560
    except (socket.herror, socket.gaierror, TimeoutError, OSError) as e:
    ^^^^^^
SyntaxError: invalid syntax
Traceback (most recent call last):
  File "/Users/nicholasmacaskill/Desktop/python-sovereign-guard/guard_monitor.py", line 17, in <module>
    import sovereign_core as core
  File "/Users/nicholasmacaskill/Desktop/python-sovereign-guard/sovereign_core.py", line 560
    except (socket.herror, socket.gaierror, TimeoutError, OSError) as e:
    ^^^^^^
SyntaxError: invalid syntax
Traceback (most recent call last):
  File "/Users/nicholasmacaskill/Desktop/python-sovereign-guard/guard_monitor.py", line 17, in <module>
    import sovereign_core as core
  File "/Users/nicholasmacaskill/Desktop/python-sovereign-guard/sovereign_core.py", line 560
    except (socket.herror, socket.gaierror, TimeoutError, OSError) as e:
    ^^^^^^
SyntaxError: invalid syntax
Traceback (most recent call last):
  File "/Users/nicholasmacaskill/Desktop/python-sovereign-guard/guard_monitor.py", line 17, in <module>
    import sovereign_core as core
  File "/Users/nicholasmacaskill/Desktop/python-sovereign-guard/sovereign_core.py", line 560
    except (socket.herror, socket.gaierror, TimeoutError, OSError) as e:
    ^^^^^^
SyntaxError: invalid syntax
Traceback (most recent call last):
  File "/Users/nicholasmacaskill/Desktop/python-sovereign-guard/guard_monitor.py", line 17, in <module>
    import sovereign_core as core
  File "/Users/nicholasmacaskill/Desktop/python-sovereign-guard/sovereign_core.py", line 560
    except (socket.herror, socket.gaierror, TimeoutError, OSError) as e:
    ^^^^^^
SyntaxError: invalid syntax
Traceback (most recent call last):
  File "/Users/nicholasmacaskill/Desktop/python-sovereign-guard/guard_monitor.py", line 17, in <module>
    import sovereign_core as core
  File "/Users/nicholasmacaskill/Desktop/python-sovereign-guard/sovereign_core.py", line 560
    except (socket.herror, socket.gaierror, TimeoutError, OSError) as e:
    ^^^^^^
SyntaxError: invalid syntax
Traceback (most recent call last):
  File "/Users/nicholasmacaskill/Desktop/python-sovereign-guard/guard_monitor.py", line 17, in <module>
    import sovereign_core as core
  File "/Users/nicholasmacaskill/Desktop/python-sovereign-guard/sovereign_core.py", line 560
    except (socket.herror, socket.gaierror, TimeoutError, OSError) as e:
    ^^^^^^
SyntaxError: invalid syntax
Traceback (most recent call last):
  File "/Users/nicholasmacaskill/Desktop/python-sovereign-guard/guard_monitor.py", line 17, in <module>
    import sovereign_core as core
  File "/Users/nicholasmacaskill/Desktop/python-sovereign-guard/sovereign_core.py", line 560
    except (socket.herror, socket.gaierror, TimeoutError, OSError) as e:
    ^^^^^^
SyntaxError: invalid syntax
Traceback (most recent call last):
  File "/Users/nicholasmacaskill/Desktop/python-sovereign-guard/guard_monitor.py", line 17, in <module>
    import sovereign_core as core
  File "/Users/nicholasmacaskill/Desktop/python-sovereign-guard/sovereign_core.py", line 560
    except (socket.herror, socket.gaierror, TimeoutError, OSError) as e:
    ^^^^^^
SyntaxError: invalid syntax
Traceback (most recent call last):
  File "/Users/nicholasmacaskill/Desktop/python-sovereign-guard/guard_monitor.py", line 17, in <module>
    import sovereign_core as core
  File "/Users/nicholasmacaskill/Desktop/python-sovereign-guard/sovereign_core.py", line 560
    except (socket.herror, socket.gaierror, TimeoutError, OSError) as e:
    ^^^^^^
SyntaxError: invalid syntax
Traceback (most recent call last):
  File "/Users/nicholasmacaskill/Desktop/python-sovereign-guard/guard_monitor.py", line 17, in <module>
    import sovereign_core as core
  File "/Users/nicholasmacaskill/Desktop/python-sovereign-guard/sovereign_core.py", line 560
    except (socket.herror, socket.gaierror, TimeoutError, OSError) as e:
    ^^^^^^
SyntaxError: invalid syntax
Traceback (most recent call last):
  File "/Users/nicholasmacaskill/Desktop/python-sovereign-guard/guard_monitor.py", line 17, in <module>
    import sovereign_core as core
  File "/Users/nicholasmacaskill/Desktop/python-sovereign-guard/sovereign_core.py", line 560
    except (socket.herror, socket.gaierror, TimeoutError, OSError) as e:
    ^^^^^^
SyntaxError: invalid syntax
Traceback (most recent call last):
  File "/Users/nicholasmacaskill/Desktop/python-sovereign-guard/guard_monitor.py", line 17, in <module>
    import sovereign_core as core
  File "/Users/nicholasmacaskill/Desktop/python-sovereign-guard/sovereign_core.py", line 562
    except (socket.herror, socket.gaierror, TimeoutError, OSError) as e:
    ^^^^^^
SyntaxError: invalid syntax
Traceback (most recent call last):
  File "/Users/nicholasmacaskill/Desktop/python-sovereign-guard/guard_monitor.py", line 17, in <module>
    import sovereign_core as core
  File "/Users/nicholasmacaskill/Desktop/python-sovereign-guard/sovereign_core.py", line 562
    except (socket.herror, socket.gaierror, TimeoutError, OSError) as e:
    ^^^^^^
SyntaxError: invalid syntax
Traceback (most recent call last):
  File "/Users/nicholasmacaskill/Desktop/python-sovereign-guard/guard_monitor.py", line 17, in <module>
    import sovereign_core as core
  File "/Users/nicholasmacaskill/Desktop/python-sovereign-guard/sovereign_core.py", line 562
    except (socket.herror, socket.gaierror, TimeoutError, OSError) as e:
    ^^^^^^
SyntaxError: invalid syntax
Traceback (most recent call last):
  File "/Users/nicholasmacaskill/Desktop/python-sovereign-guard/guard_monitor.py", line 17, in <module>
    import sovereign_core as core
  File "/Users/nicholasmacaskill/Desktop/python-sovereign-guard/sovereign_core.py", line 562
    except (socket.herror, socket.gaierror, TimeoutError, OSError) as e:
    ^^^^^^
SyntaxError: invalid syntax
Traceback (most recent call last):
  File "/Users/nicholasmacaskill/Desktop/python-sovereign-guard/guard_monitor.py", line 17, in <module>
    import sovereign_core as core
  File "/Users/nicholasmacaskill/Desktop/python-sovereign-guard/sovereign_core.py", line 562
    except (socket.herror, socket.gaierror, TimeoutError, OSError) as e:
    ^^^^^^
SyntaxError: invalid syntax
Traceback (most recent call last):
  File "/Users/nicholasmacaskill/Desktop/python-sovereign-guard/guard_monitor.py", line 17, in <module>
    import sovereign_core as core
  File "/Users/nicholasmacaskill/Desktop/python-sovereign-guard/sovereign_core.py", line 562
    except (socket.herror, socket.gaierror, TimeoutError, OSError) as e:
    ^^^^^^
SyntaxError: invalid syntax
Traceback (most recent call last):
  File "/Users/nicholasmacaskill/Desktop/python-sovereign-guard/guard_monitor.py", line 17, in <module>
    import sovereign_core as core
  File "/Users/nicholasmacaskill/Desktop/python-sovereign-guard/sovereign_core.py", line 574
    except (socket.herror, socket.gaierror, TimeoutError, OSError) as e:
    ^^^^^^
SyntaxError: invalid syntax
Traceback (most recent call last):
  File "/Users/nicholasmacaskill/Desktop/python-sovereign-guard/guard_monitor.py", line 17, in <module>
    import sovereign_core as core
  File "/Users/nicholasmacaskill/Desktop/python-sovereign-guard/sovereign_core.py", line 574
    except (socket.herror, socket.gaierror, TimeoutError, OSError) as e:
    ^^^^^^
SyntaxError: invalid syntax
Traceback (most recent call last):
  File "/Users/nicholasmacaskill/Desktop/python-sovereign-guard/guard_monitor.py", line 17, in <module>
    import sovereign_core as core
  File "/Users/nicholasmacaskill/Desktop/python-sovereign-guard/sovereign_core.py", line 574
    except (socket.herror, socket.gaierror, TimeoutError, OSError) as e:
    ^^^^^^
SyntaxError: invalid syntax
Traceback (most recent call last):
  File "/Users/nicholasmacaskill/Desktop/python-sovereign-guard/guard_monitor.py", line 17, in <module>
    import sovereign_core as core
  File "/Users/nicholasmacaskill/Desktop/python-sovereign-guard/sovereign_core.py", line 574
    except (socket.herror, socket.gaierror, TimeoutError, OSError) as e:
    ^^^^^^
SyntaxError: invalid syntax
Traceback (most recent call last):
  File "/Users/nicholasmacaskill/Desktop/python-sovereign-guard/guard_monitor.py", line 17, in <module>
    import sovereign_core as core
  File "/Users/nicholasmacaskill/Desktop/python-sovereign-guard/sovereign_core.py", line 574
    except (socket.herror, socket.gaierror, TimeoutError, OSError) as e:
    ^^^^^^
SyntaxError: invalid syntax
Traceback (most recent call last):
  File "/Users/nicholasmacaskill/Desktop/python-sovereign-guard/guard_monitor.py", line 17, in <module>
    import sovereign_core as core
  File "/Users/nicholasmacaskill/Desktop/python-sovereign-guard/sovereign_core.py", line 574
    except (socket.herror, socket.gaierror, TimeoutError, OSError) as e:
    ^^^^^^
SyntaxError: invalid syntax
Traceback (most recent call last):
  File "/Users/nicholasmacaskill/Desktop/python-sovereign-guard/guard_monitor.py", line 17, in <module>
    import sovereign_core as core
  File "/Users/nicholasmacaskill/Desktop/python-sovereign-guard/sovereign_core.py", line 574
    except (socket.herror, socket.gaierror, TimeoutError, OSError) as e:
    ^^^^^^
SyntaxError: invalid syntax
Traceback (most recent call last):
  File "/Users/nicholasmacaskill/Desktop/python-sovereign-guard/guard_monitor.py", line 17, in <module>
    import sovereign_core as core
  File "/Users/nicholasmacaskill/Desktop/python-sovereign-guard/sovereign_core.py", line 574
    except (socket.herror, socket.gaierror, TimeoutError, OSError) as e:
    ^^^^^^
SyntaxError: invalid syntax
Traceback (most recent call last):
  File "/Users/nicholasmacaskill/Desktop/python-sovereign-guard/guard_monitor.py", line 17, in <module>
    import sovereign_core as core
  File "/Users/nicholasmacaskill/Desktop/python-sovereign-guard/sovereign_core.py", line 574
    except (socket.herror, socket.gaierror, TimeoutError, OSError) as e:
    ^^^^^^
SyntaxError: invalid syntax
Traceback (most recent call last):
  File "/Users/nicholasmacaskill/Desktop/python-sovereign-guard/guard_monitor.py", line 17, in <module>
    import sovereign_core as core
  File "/Users/nicholasmacaskill/Desktop/python-sovereign-guard/sovereign_core.py", line 574
    except (socket.herror, socket.gaierror, TimeoutError, OSError) as e:
    ^^^^^^
SyntaxError: invalid syntax
Traceback (most recent call last):
  File "/Users/nicholasmacaskill/Desktop/python-sovereign-guard/guard_monitor.py", line 17, in <module>
    import sovereign_core as core
  File "/Users/nicholasmacaskill/Desktop/python-sovereign-guard/sovereign_core.py", line 574
    except (socket.herror, socket.gaierror, TimeoutError, OSError) as e:
    ^^^^^^
SyntaxError: invalid syntax
Traceback (most recent call last):
  File "/Users/nicholasmacaskill/Desktop/python-sovereign-guard/guard_monitor.py", line 17, in <module>
    import sovereign_core as core
  File "/Users/nicholasmacaskill/Desktop/python-sovereign-guard/sovereign_core.py", line 574
    except (socket.herror, socket.gaierror, TimeoutError, OSError) as e:
    ^^^^^^
SyntaxError: invalid syntax
Traceback (most recent call last):
  File "/Users/nicholasmacaskill/Desktop/python-sovereign-guard/guard_monitor.py", line 17, in <module>
    import sovereign_core as core
  File "/Users/nicholasmacaskill/Desktop/python-sovereign-guard/sovereign_core.py", line 35
    'searchpartyuseragent', 'com.apple.safari.searchhelper', 'safari',
IndentationError: unexpected indent
Traceback (most recent call last):
  File "/Users/nicholasmacaskill/Desktop/python-sovereign-guard/guard_monitor.py", line 17, in <module>
    import sovereign_core as core
  File "/Users/nicholasmacaskill/Desktop/python-sovereign-guard/sovereign_core.py", line 35
    'searchpartyuseragent', 'com.apple.safari.searchhelper', 'safari',
IndentationError: unexpected indent
Traceback (most recent call last):
  File "/Users/nicholasmacaskill/Desktop/python-sovereign-guard/guard_monitor.py", line 17, in <module>
    import sovereign_core as core
  File "/Users/nicholasmacaskill/Desktop/python-sovereign-guard/sovereign_core.py", line 35
    'searchpartyuseragent', 'com.apple.safari.searchhelper', 'safari',
IndentationError: unexpected indent
Traceback (most recent call last):
  File "/Users/nicholasmacaskill/Desktop/python-sovereign-guard/guard_monitor.py", line 17, in <module>
    import sovereign_core as core
  File "/Users/nicholasmacaskill/Desktop/python-sovereign-guard/sovereign_core.py", line 35
    'searchpartyuseragent', 'com.apple.safari.searchhelper', 'safari',
IndentationError: unexpected indent
Traceback (most recent call last):
  File "/Users/nicholasmacaskill/Desktop/python-sovereign-guard/guard_monitor.py", line 17, in <module>
    import sovereign_core as core
  File "/Users/nicholasmacaskill/Desktop/python-sovereign-guard/sovereign_core.py", line 35
    'searchpartyuseragent', 'com.apple.safari.searchhelper', 'safari',
IndentationError: unexpected indent
Traceback (most recent call last):
  File "/Users/nicholasmacaskill/Desktop/python-sovereign-guard/guard_monitor.py", line 17, in <module>
    import sovereign_core as core
  File "/Users/nicholasmacaskill/Desktop/python-sovereign-guard/sovereign_core.py", line 35
    'searchpartyuseragent', 'com.apple.safari.searchhelper', 'safari',
IndentationError: unexpected indent
Traceback (most recent call last):
  File "/Users/nicholasmacaskill/Desktop/python-sovereign-guard/guard_monitor.py", line 17, in <module>
    import sovereign_core as core
  File "/Users/nicholasmacaskill/Desktop/python-sovereign-guard/sovereign_core.py", line 35
    'searchpartyuseragent', 'com.apple.safari.searchhelper', 'safari',
IndentationError: unexpected indent
Traceback (most recent call last):
  File "/Users/nicholasmacaskill/Desktop/python-sovereign-guard/guard_monitor.py", line 17, in <module>
    import sovereign_core as core
  File "/Users/nicholasmacaskill/Desktop/python-sovereign-guard/sovereign_core.py", line 35
    'searchpartyuseragent', 'com.apple.safari.searchhelper', 'safari',
IndentationError: unexpected indent
Traceback (most recent call last):
  File "/Users/nicholasmacaskill/Desktop/python-sovereign-guard/guard_monitor.py", line 17, in <module>
    import sovereign_core as core
  File "/Users/nicholasmacaskill/Desktop/python-sovereign-guard/sovereign_core.py", line 35
    'searchpartyuseragent', 'com.apple.safari.searchhelper', 'safari',
IndentationError: unexpected indent
Traceback (most recent call last):
  File "/Users/nicholasmacaskill/Desktop/python-sovereign-guard/guard_monitor.py", line 17, in <module>
    import sovereign_core as core
  File "/Users/nicholasmacaskill/Desktop/python-sovereign-guard/sovereign_core.py", line 35
    'searchpartyuseragent', 'com.apple.safari.searchhelper', 'safari',
IndentationError: unexpected indent
Traceback (most recent call last):
  File "/Users/nicholasmacaskill/Desktop/python-sovereign-guard/guard_monitor.py", line 17, in <module>
    import sovereign_core as core
  File "/Users/nicholasmacaskill/Desktop/python-sovereign-guard/sovereign_core.py", line 35
    'searchpartyuseragent', 'com.apple.safari.searchhelper', 'safari',
IndentationError: unexpected indent
Traceback (most recent call last):
  File "/Users/nicholasmacaskill/Desktop/python-sovereign-guard/guard_monitor.py", line 17, in <module>
    import sovereign_core as core
  File "/Users/nicholasmacaskill/Desktop/python-sovereign-guard/sovereign_core.py", line 35
    'searchpartyuseragent', 'com.apple.safari.searchhelper', 'safari',
IndentationError: unexpected indent
Traceback (most recent call last):
  File "/Users/nicholasmacaskill/Desktop/python-sovereign-guard/guard_monitor.py", line 17, in <module>
    import sovereign_core as core
  File "/Users/nicholasmacaskill/Desktop/python-sovereign-guard/sovereign_core.py", line 35
    'searchpartyuseragent', 'com.apple.safari.searchhelper', 'safari',
IndentationError: unexpected indent
Traceback (most recent call last):
  File "/Users/nicholasmacaskill/Desktop/python-sovereign-guard/guard_monitor.py", line 17, in <module>
    import sovereign_core as core
  File "/Users/nicholasmacaskill/Desktop/python-sovereign-guard/sovereign_core.py", line 35
    'searchpartyuseragent', 'com.apple.safari.searchhelper', 'safari',
IndentationError: unexpected indent
Traceback (most recent call last):
  File "/Users/nicholasmacaskill/Desktop/python-sovereign-guard/guard_monitor.py", line 17, in <module>
    import sovereign_core as core
  File "/Users/nicholasmacaskill/Desktop/python-sovereign-guard/sovereign_core.py", line 35
    'searchpartyuseragent', 'com.apple.safari.searchhelper', 'safari',
IndentationError: unexpected indent
Traceback (most recent call last):
  File "/Users/nicholasmacaskill/Desktop/python-sovereign-guard/guard_monitor.py", line 17, in <module>
    import sovereign_core as core
  File "/Users/nicholasmacaskill/Desktop/python-sovereign-guard/sovereign_core.py", line 35
    'searchpartyuseragent', 'com.apple.safari.searchhelper', 'safari',
IndentationError: unexpected indent
Traceback (most recent call last):
  File "/Users/nicholasmacaskill/Desktop/python-sovereign-guard/guard_monitor.py", line 17, in <module>
    import sovereign_core as core
  File "/Users/nicholasmacaskill/Desktop/python-sovereign-guard/sovereign_core.py", line 35
    'searchpartyuseragent', 'com.apple.safari.searchhelper', 'safari',
IndentationError: unexpected indent
Traceback (most recent call last):
  File "/Users/nicholasmacaskill/Desktop/python-sovereign-guard/guard_monitor.py", line 17, in <module>
    import sovereign_core as core
  File "/Users/nicholasmacaskill/Desktop/python-sovereign-guard/sovereign_core.py", line 35
    'searchpartyuseragent', 'com.apple.safari.searchhelper', 'safari',
IndentationError: unexpected indent
Traceback (most recent call last):
  File "/Users/nicholasmacaskill/Desktop/python-sovereign-guard/guard_monitor.py", line 17, in <module>
    import sovereign_core as core
  File "/Users/nicholasmacaskill/Desktop/python-sovereign-guard/sovereign_core.py", line 35
    'searchpartyuseragent', 'com.apple.safari.searchhelper', 'safari',
IndentationError: unexpected indent
Traceback (most recent call last):
  File "/Users/nicholasmacaskill/Desktop/python-sovereign-guard/guard_monitor.py", line 17, in <module>
    import sovereign_core as core
  File "/Users/nicholasmacaskill/Desktop/python-sovereign-guard/sovereign_core.py", line 35
    'searchpartyuseragent', 'com.apple.safari.searchhelper', 'safari',
IndentationError: unexpected indent
Traceback (most recent call last):
  File "/Users/nicholasmacaskill/Desktop/python-sovereign-guard/guard_monitor.py", line 17, in <module>
    import sovereign_core as core
  File "/Users/nicholasmacaskill/Desktop/python-sovereign-guard/sovereign_core.py", line 35
    'searchpartyuseragent', 'com.apple.safari.searchhelper', 'safari',
IndentationError: unexpected indent
Traceback (most recent call last):
  File "/Users/nicholasmacaskill/Desktop/python-sovereign-guard/guard_monitor.py", line 17, in <module>
    import sovereign_core as core
  File "/Users/nicholasmacaskill/Desktop/python-sovereign-guard/sovereign_core.py", line 35
    'searchpartyuseragent', 'com.apple.safari.searchhelper', 'safari',
IndentationError: unexpected indent
Traceback (most recent call last):
  File "/Users/nicholasmacaskill/Desktop/python-sovereign-guard/guard_monitor.py", line 17, in <module>
    import sovereign_core as core
  File "/Users/nicholasmacaskill/Desktop/python-sovereign-guard/sovereign_core.py", line 35
    'searchpartyuseragent', 'com.apple.safari.searchhelper', 'safari',
IndentationError: unexpected indent
Traceback (most recent call last):
  File "/Users/nicholasmacaskill/Desktop/python-sovereign-guard/guard_monitor.py", line 17, in <module>
    import sovereign_core as core
  File "/Users/nicholasmacaskill/Desktop/python-sovereign-guard/sovereign_core.py", line 35
    'searchpartyuseragent', 'com.apple.safari.searchhelper', 'safari',
IndentationError: unexpected indent
Traceback (most recent call last):
  File "/Users/nicholasmacaskill/Desktop/python-sovereign-guard/guard_monitor.py", line 17, in <module>
    import sovereign_core as core
  File "/Users/nicholasmacaskill/Desktop/python-sovereign-guard/sovereign_core.py", line 35
    'searchpartyuseragent', 'com.apple.safari.searchhelper', 'safari',
IndentationError: unexpected indent
Traceback (most recent call last):
  File "/Users/nicholasmacaskill/Desktop/python-sovereign-guard/guard_monitor.py", line 17, in <module>
    import sovereign_core as core
  File "/Users/nicholasmacaskill/Desktop/python-sovereign-guard/sovereign_core.py", line 35
    'searchpartyuseragent', 'com.apple.safari.searchhelper', 'safari',
IndentationError: unexpected indent
Traceback (most recent call last):
  File "/Users/nicholasmacaskill/Desktop/python-sovereign-guard/guard_monitor.py", line 17, in <module>
    import sovereign_core as core
  File "/Users/nicholasmacaskill/Desktop/python-sovereign-guard/sovereign_core.py", line 35
    'searchpartyuseragent', 'com.apple.safari.searchhelper', 'safari',
IndentationError: unexpected indent
Traceback (most recent call last):
  File "/Users/nicholasmacaskill/Desktop/python-sovereign-guard/guard_monitor.py", line 17, in <module>
    import sovereign_core as core
  File "/Users/nicholasmacaskill/Desktop/python-sovereign-guard/sovereign_core.py", line 35
    'searchpartyuseragent', 'com.apple.safari.searchhelper', 'safari',
IndentationError: unexpected indent
Traceback (most recent call last):
  File "/Users/nicholasmacaskill/Desktop/python-sovereign-guard/guard_monitor.py", line 17, in <module>
    import sovereign_core as core
  File "/Users/nicholasmacaskill/Desktop/python-sovereign-guard/sovereign_core.py", line 35
    'searchpartyuseragent', 'com.apple.safari.searchhelper', 'safari',
IndentationError: unexpected indent
Traceback (most recent call last):
  File "/Users/nicholasmacaskill/Desktop/python-sovereign-guard/guard_monitor.py", line 17, in <module>
    import sovereign_core as core
  File "/Users/nicholasmacaskill/Desktop/python-sovereign-guard/sovereign_core.py", line 35
    'searchpartyuseragent', 'com.apple.safari.searchhelper', 'safari',
IndentationError: unexpected indent
Traceback (most recent call last):
  File "/Users/nicholasmacaskill/Desktop/python-sovereign-guard/guard_monitor.py", line 17, in <module>
    import sovereign_core as core
  File "/Users/nicholasmacaskill/Desktop/python-sovereign-guard/sovereign_core.py", line 35
    'searchpartyuseragent', 'com.apple.safari.searchhelper', 'safari',
IndentationError: unexpected indent
Traceback (most recent call last):
  File "/Users/nicholasmacaskill/Desktop/python-sovereign-guard/guard_monitor.py", line 17, in <module>
    import sovereign_core as core
  File "/Users/nicholasmacaskill/Desktop/python-sovereign-guard/sovereign_core.py", line 35
    'searchpartyuseragent', 'com.apple.safari.searchhelper', 'safari',
IndentationError: unexpected indent
Traceback (most recent call last):
  File "/Users/nicholasmacaskill/Desktop/python-sovereign-guard/guard_monitor.py", line 17, in <module>
    import sovereign_core as core
  File "/Users/nicholasmacaskill/Desktop/python-sovereign-guard/sovereign_core.py", line 35
    'searchpartyuseragent', 'com.apple.safari.searchhelper', 'safari',
IndentationError: unexpected indent
Traceback (most recent call last):
  File "/Users/nicholasmacaskill/Desktop/python-sovereign-guard/guard_monitor.py", line 17, in <module>
    import sovereign_core as core
  File "/Users/nicholasmacaskill/Desktop/python-sovereign-guard/sovereign_core.py", line 35
    'searchpartyuseragent', 'com.apple.safari.searchhelper', 'safari',
IndentationError: unexpected indent
Traceback (most recent call last):
  File "/Users/nicholasmacaskill/Desktop/python-sovereign-guard/guard_monitor.py", line 17, in <module>
    import sovereign_core as core
  File "/Users/nicholasmacaskill/Desktop/python-sovereign-guard/sovereign_core.py", line 35
    'searchpartyuseragent', 'com.apple.safari.searchhelper', 'safari',
IndentationError: unexpected indent
Traceback (most recent call last):
  File "/Users/nicholasmacaskill/Desktop/python-sovereign-guard/guard_monitor.py", line 17, in <module>
    import sovereign_core as core
  File "/Users/nicholasmacaskill/Desktop/python-sovereign-guard/sovereign_core.py", line 35
    'searchpartyuseragent', 'com.apple.safari.searchhelper', 'safari',
IndentationError: unexpected indent
